<?xml version="1.0" encoding="UTF-8"?>
<testsuite xmlns:xsi="http://www.w3.org/2001/XMLSchema-instance" xsi:noNamespaceSchemaLocation="https://maven.apache.org/surefire/maven-surefire-plugin/xsd/surefire-test-report.xsd" name="com.tensquare.TensquareSearchApplicationTests" time="33.443" tests="1" errors="0" skipped="0" failures="0">
  <properties>
    <property name="sun.desktop" value="windows"/>
    <property name="awt.toolkit" value="sun.awt.windows.WToolkit"/>
    <property name="file.encoding.pkg" value="sun.io"/>
    <property name="java.specification.version" value="1.8"/>
    <property name="sun.cpu.isalist" value="amd64"/>
    <property name="sun.jnu.encoding" value="GBK"/>
    <property name="java.class.path" value="E:\workspaces\springboot\tensquare_parent\tensquare_search\target\test-classes;E:\workspaces\springboot\tensquare_parent\tensquare_search\target\classes;D:\apache-maven-3.3.9\repo\org\springframework\boot\spring-boot-starter-data-elasticsearch\2.1.3.RELEASE\spring-boot-starter-data-elasticsearch-2.1.3.RELEASE.jar;D:\apache-maven-3.3.9\repo\org\springframework\boot\spring-boot-starter\2.1.3.RELEASE\spring-boot-starter-2.1.3.RELEASE.jar;D:\apache-maven-3.3.9\repo\org\springframework\boot\spring-boot\2.1.3.RELEASE\spring-boot-2.1.3.RELEASE.jar;D:\apache-maven-3.3.9\repo\org\springframework\boot\spring-boot-autoconfigure\2.1.3.RELEASE\spring-boot-autoconfigure-2.1.3.RELEASE.jar;D:\apache-maven-3.3.9\repo\org\springframework\boot\spring-boot-starter-logging\2.1.3.RELEASE\spring-boot-starter-logging-2.1.3.RELEASE.jar;D:\apache-maven-3.3.9\repo\ch\qos\logback\logback-classic\1.2.3\logback-classic-1.2.3.jar;D:\apache-maven-3.3.9\repo\ch\qos\logback\logback-core\1.2.3\logback-core-1.2.3.jar;D:\apache-maven-3.3.9\repo\org\apache\logging\log4j\log4j-to-slf4j\2.11.2\log4j-to-slf4j-2.11.2.jar;D:\apache-maven-3.3.9\repo\org\apache\logging\log4j\log4j-api\2.11.2\log4j-api-2.11.2.jar;D:\apache-maven-3.3.9\repo\org\slf4j\jul-to-slf4j\1.7.25\jul-to-slf4j-1.7.25.jar;D:\apache-maven-3.3.9\repo\javax\annotation\javax.annotation-api\1.3.2\javax.annotation-api-1.3.2.jar;D:\apache-maven-3.3.9\repo\org\yaml\snakeyaml\1.23\snakeyaml-1.23.jar;D:\apache-maven-3.3.9\repo\org\springframework\data\spring-data-elasticsearch\3.1.5.RELEASE\spring-data-elasticsearch-3.1.5.RELEASE.jar;D:\apache-maven-3.3.9\repo\org\springframework\spring-context\5.1.5.RELEASE\spring-context-5.1.5.RELEASE.jar;D:\apache-maven-3.3.9\repo\org\springframework\spring-tx\5.1.5.RELEASE\spring-tx-5.1.5.RELEASE.jar;D:\apache-maven-3.3.9\repo\org\springframework\data\spring-data-commons\2.1.5.RELEASE\spring-data-commons-2.1.5.RELEASE.jar;D:\apache-maven-3.3.9\repo\joda-time\joda-time\2.10.1\joda-time-2.10.1.jar;D:\apache-maven-3.3.9\repo\org\elasticsearch\client\transport\6.4.3\transport-6.4.3.jar;D:\apache-maven-3.3.9\repo\org\elasticsearch\elasticsearch\6.4.3\elasticsearch-6.4.3.jar;D:\apache-maven-3.3.9\repo\org\elasticsearch\elasticsearch-core\6.4.3\elasticsearch-core-6.4.3.jar;D:\apache-maven-3.3.9\repo\org\elasticsearch\elasticsearch-secure-sm\6.4.3\elasticsearch-secure-sm-6.4.3.jar;D:\apache-maven-3.3.9\repo\org\elasticsearch\elasticsearch-x-content\6.4.3\elasticsearch-x-content-6.4.3.jar;D:\apache-maven-3.3.9\repo\com\fasterxml\jackson\dataformat\jackson-dataformat-smile\2.9.8\jackson-dataformat-smile-2.9.8.jar;D:\apache-maven-3.3.9\repo\com\fasterxml\jackson\dataformat\jackson-dataformat-yaml\2.9.8\jackson-dataformat-yaml-2.9.8.jar;D:\apache-maven-3.3.9\repo\com\fasterxml\jackson\dataformat\jackson-dataformat-cbor\2.9.8\jackson-dataformat-cbor-2.9.8.jar;D:\apache-maven-3.3.9\repo\org\apache\lucene\lucene-core\7.4.0\lucene-core-7.4.0.jar;D:\apache-maven-3.3.9\repo\org\apache\lucene\lucene-analyzers-common\7.4.0\lucene-analyzers-common-7.4.0.jar;D:\apache-maven-3.3.9\repo\org\apache\lucene\lucene-backward-codecs\7.4.0\lucene-backward-codecs-7.4.0.jar;D:\apache-maven-3.3.9\repo\org\apache\lucene\lucene-grouping\7.4.0\lucene-grouping-7.4.0.jar;D:\apache-maven-3.3.9\repo\org\apache\lucene\lucene-highlighter\7.4.0\lucene-highlighter-7.4.0.jar;D:\apache-maven-3.3.9\repo\org\apache\lucene\lucene-join\7.4.0\lucene-join-7.4.0.jar;D:\apache-maven-3.3.9\repo\org\apache\lucene\lucene-memory\7.4.0\lucene-memory-7.4.0.jar;D:\apache-maven-3.3.9\repo\org\apache\lucene\lucene-misc\7.4.0\lucene-misc-7.4.0.jar;D:\apache-maven-3.3.9\repo\org\apache\lucene\lucene-queries\7.4.0\lucene-queries-7.4.0.jar;D:\apache-maven-3.3.9\repo\org\apache\lucene\lucene-queryparser\7.4.0\lucene-queryparser-7.4.0.jar;D:\apache-maven-3.3.9\repo\org\apache\lucene\lucene-sandbox\7.4.0\lucene-sandbox-7.4.0.jar;D:\apache-maven-3.3.9\repo\org\apache\lucene\lucene-spatial\7.4.0\lucene-spatial-7.4.0.jar;D:\apache-maven-3.3.9\repo\org\apache\lucene\lucene-spatial-extras\7.4.0\lucene-spatial-extras-7.4.0.jar;D:\apache-maven-3.3.9\repo\org\apache\lucene\lucene-spatial3d\7.4.0\lucene-spatial3d-7.4.0.jar;D:\apache-maven-3.3.9\repo\org\apache\lucene\lucene-suggest\7.4.0\lucene-suggest-7.4.0.jar;D:\apache-maven-3.3.9\repo\org\elasticsearch\elasticsearch-cli\6.4.3\elasticsearch-cli-6.4.3.jar;D:\apache-maven-3.3.9\repo\net\sf\jopt-simple\jopt-simple\5.0.2\jopt-simple-5.0.2.jar;D:\apache-maven-3.3.9\repo\com\carrotsearch\hppc\0.7.1\hppc-0.7.1.jar;D:\apache-maven-3.3.9\repo\com\tdunning\t-digest\3.2\t-digest-3.2.jar;D:\apache-maven-3.3.9\repo\org\hdrhistogram\HdrHistogram\2.1.9\HdrHistogram-2.1.9.jar;D:\apache-maven-3.3.9\repo\org\elasticsearch\jna\4.5.1\jna-4.5.1.jar;D:\apache-maven-3.3.9\repo\org\elasticsearch\plugin\reindex-client\6.4.3\reindex-client-6.4.3.jar;D:\apache-maven-3.3.9\repo\org\elasticsearch\client\elasticsearch-rest-client\6.4.3\elasticsearch-rest-client-6.4.3.jar;D:\apache-maven-3.3.9\repo\org\apache\httpcomponents\httpclient\4.5.7\httpclient-4.5.7.jar;D:\apache-maven-3.3.9\repo\org\apache\httpcomponents\httpcore\4.4.11\httpcore-4.4.11.jar;D:\apache-maven-3.3.9\repo\org\apache\httpcomponents\httpasyncclient\4.1.4\httpasyncclient-4.1.4.jar;D:\apache-maven-3.3.9\repo\org\apache\httpcomponents\httpcore-nio\4.4.11\httpcore-nio-4.4.11.jar;D:\apache-maven-3.3.9\repo\commons-codec\commons-codec\1.11\commons-codec-1.11.jar;D:\apache-maven-3.3.9\repo\org\elasticsearch\plugin\lang-mustache-client\6.4.3\lang-mustache-client-6.4.3.jar;D:\apache-maven-3.3.9\repo\com\github\spullara\mustache\java\compiler\0.9.3\compiler-0.9.3.jar;D:\apache-maven-3.3.9\repo\org\elasticsearch\plugin\percolator-client\6.4.3\percolator-client-6.4.3.jar;D:\apache-maven-3.3.9\repo\org\elasticsearch\plugin\parent-join-client\6.4.3\parent-join-client-6.4.3.jar;D:\apache-maven-3.3.9\repo\org\elasticsearch\plugin\rank-eval-client\6.4.3\rank-eval-client-6.4.3.jar;D:\apache-maven-3.3.9\repo\com\fasterxml\jackson\core\jackson-core\2.9.8\jackson-core-2.9.8.jar;D:\apache-maven-3.3.9\repo\org\elasticsearch\plugin\transport-netty4-client\6.4.3\transport-netty4-client-6.4.3.jar;D:\apache-maven-3.3.9\repo\io\netty\netty-buffer\4.1.33.Final\netty-buffer-4.1.33.Final.jar;D:\apache-maven-3.3.9\repo\io\netty\netty-codec\4.1.33.Final\netty-codec-4.1.33.Final.jar;D:\apache-maven-3.3.9\repo\io\netty\netty-codec-http\4.1.33.Final\netty-codec-http-4.1.33.Final.jar;D:\apache-maven-3.3.9\repo\io\netty\netty-common\4.1.33.Final\netty-common-4.1.33.Final.jar;D:\apache-maven-3.3.9\repo\io\netty\netty-handler\4.1.33.Final\netty-handler-4.1.33.Final.jar;D:\apache-maven-3.3.9\repo\io\netty\netty-resolver\4.1.33.Final\netty-resolver-4.1.33.Final.jar;D:\apache-maven-3.3.9\repo\io\netty\netty-transport\4.1.33.Final\netty-transport-4.1.33.Final.jar;D:\apache-maven-3.3.9\repo\org\slf4j\slf4j-api\1.7.25\slf4j-api-1.7.25.jar;E:\workspaces\springboot\tensquare_parent\tensquare_common\target\tensquare_common-0.0.1-SNAPSHOT.jar;D:\apache-maven-3.3.9\repo\org\springframework\boot\spring-boot-starter-web\2.1.3.RELEASE\spring-boot-starter-web-2.1.3.RELEASE.jar;D:\apache-maven-3.3.9\repo\org\springframework\boot\spring-boot-starter-json\2.1.3.RELEASE\spring-boot-starter-json-2.1.3.RELEASE.jar;D:\apache-maven-3.3.9\repo\com\fasterxml\jackson\datatype\jackson-datatype-jdk8\2.9.8\jackson-datatype-jdk8-2.9.8.jar;D:\apache-maven-3.3.9\repo\com\fasterxml\jackson\datatype\jackson-datatype-jsr310\2.9.8\jackson-datatype-jsr310-2.9.8.jar;D:\apache-maven-3.3.9\repo\com\fasterxml\jackson\module\jackson-module-parameter-names\2.9.8\jackson-module-parameter-names-2.9.8.jar;D:\apache-maven-3.3.9\repo\org\springframework\boot\spring-boot-starter-tomcat\2.1.3.RELEASE\spring-boot-starter-tomcat-2.1.3.RELEASE.jar;D:\apache-maven-3.3.9\repo\org\apache\tomcat\embed\tomcat-embed-core\9.0.16\tomcat-embed-core-9.0.16.jar;D:\apache-maven-3.3.9\repo\org\apache\tomcat\embed\tomcat-embed-el\9.0.16\tomcat-embed-el-9.0.16.jar;D:\apache-maven-3.3.9\repo\org\apache\tomcat\embed\tomcat-embed-websocket\9.0.16\tomcat-embed-websocket-9.0.16.jar;D:\apache-maven-3.3.9\repo\org\hibernate\validator\hibernate-validator\6.0.14.Final\hibernate-validator-6.0.14.Final.jar;D:\apache-maven-3.3.9\repo\javax\validation\validation-api\2.0.1.Final\validation-api-2.0.1.Final.jar;D:\apache-maven-3.3.9\repo\org\jboss\logging\jboss-logging\3.3.2.Final\jboss-logging-3.3.2.Final.jar;D:\apache-maven-3.3.9\repo\com\fasterxml\classmate\1.4.0\classmate-1.4.0.jar;D:\apache-maven-3.3.9\repo\org\springframework\spring-web\5.1.5.RELEASE\spring-web-5.1.5.RELEASE.jar;D:\apache-maven-3.3.9\repo\org\springframework\spring-beans\5.1.5.RELEASE\spring-beans-5.1.5.RELEASE.jar;D:\apache-maven-3.3.9\repo\org\springframework\spring-webmvc\5.1.5.RELEASE\spring-webmvc-5.1.5.RELEASE.jar;D:\apache-maven-3.3.9\repo\org\springframework\spring-aop\5.1.5.RELEASE\spring-aop-5.1.5.RELEASE.jar;D:\apache-maven-3.3.9\repo\org\springframework\spring-expression\5.1.5.RELEASE\spring-expression-5.1.5.RELEASE.jar;D:\apache-maven-3.3.9\repo\org\springframework\boot\spring-boot-starter-test\2.1.3.RELEASE\spring-boot-starter-test-2.1.3.RELEASE.jar;D:\apache-maven-3.3.9\repo\org\springframework\boot\spring-boot-test\2.1.3.RELEASE\spring-boot-test-2.1.3.RELEASE.jar;D:\apache-maven-3.3.9\repo\org\springframework\boot\spring-boot-test-autoconfigure\2.1.3.RELEASE\spring-boot-test-autoconfigure-2.1.3.RELEASE.jar;D:\apache-maven-3.3.9\repo\com\jayway\jsonpath\json-path\2.4.0\json-path-2.4.0.jar;D:\apache-maven-3.3.9\repo\net\minidev\json-smart\2.3\json-smart-2.3.jar;D:\apache-maven-3.3.9\repo\net\minidev\accessors-smart\1.2\accessors-smart-1.2.jar;D:\apache-maven-3.3.9\repo\org\ow2\asm\asm\5.0.4\asm-5.0.4.jar;D:\apache-maven-3.3.9\repo\junit\junit\4.12\junit-4.12.jar;D:\apache-maven-3.3.9\repo\org\assertj\assertj-core\3.11.1\assertj-core-3.11.1.jar;D:\apache-maven-3.3.9\repo\org\mockito\mockito-core\2.23.4\mockito-core-2.23.4.jar;D:\apache-maven-3.3.9\repo\net\bytebuddy\byte-buddy\1.9.10\byte-buddy-1.9.10.jar;D:\apache-maven-3.3.9\repo\net\bytebuddy\byte-buddy-agent\1.9.10\byte-buddy-agent-1.9.10.jar;D:\apache-maven-3.3.9\repo\org\objenesis\objenesis\2.6\objenesis-2.6.jar;D:\apache-maven-3.3.9\repo\org\hamcrest\hamcrest-core\1.3\hamcrest-core-1.3.jar;D:\apache-maven-3.3.9\repo\org\hamcrest\hamcrest-library\1.3\hamcrest-library-1.3.jar;D:\apache-maven-3.3.9\repo\org\skyscreamer\jsonassert\1.5.0\jsonassert-1.5.0.jar;D:\apache-maven-3.3.9\repo\com\vaadin\external\google\android-json\0.0.20131108.vaadin1\android-json-0.0.20131108.vaadin1.jar;D:\apache-maven-3.3.9\repo\org\springframework\spring-core\5.1.5.RELEASE\spring-core-5.1.5.RELEASE.jar;D:\apache-maven-3.3.9\repo\org\springframework\spring-jcl\5.1.5.RELEASE\spring-jcl-5.1.5.RELEASE.jar;D:\apache-maven-3.3.9\repo\org\springframework\spring-test\5.1.5.RELEASE\spring-test-5.1.5.RELEASE.jar;D:\apache-maven-3.3.9\repo\org\xmlunit\xmlunit-core\2.6.2\xmlunit-core-2.6.2.jar;D:\apache-maven-3.3.9\repo\io\jsonwebtoken\jjwt\0.9.1\jjwt-0.9.1.jar;D:\apache-maven-3.3.9\repo\com\fasterxml\jackson\core\jackson-databind\2.9.8\jackson-databind-2.9.8.jar;D:\apache-maven-3.3.9\repo\com\fasterxml\jackson\core\jackson-annotations\2.9.0\jackson-annotations-2.9.0.jar;"/>
    <property name="java.vm.vendor" value="Oracle Corporation"/>
    <property name="sun.arch.data.model" value="64"/>
    <property name="user.variant" value=""/>
    <property name="java.vendor.url" value="http://java.oracle.com/"/>
    <property name="user.timezone" value="Asia/Shanghai"/>
    <property name="java.vm.specification.version" value="1.8"/>
    <property name="os.name" value="Windows 10"/>
    <property name="user.country" value="CN"/>
    <property name="sun.java.launcher" value="SUN_STANDARD"/>
    <property name="sun.boot.library.path" value="D:\Program Files\Java\jdk1.8.0_66\jre\bin"/>
    <property name="sun.java.command" value="C:\Users\ADMINI~1\AppData\Local\Temp\surefire1496972543055433941\surefirebooter3014668292568640088.jar C:\Users\Administrator\AppData\Local\Temp\surefire1496972543055433941 2019-05-10T22-53-06_857-jvmRun1 surefire3964857843236442007tmp surefire_55977458891999695527tmp"/>
    <property name="surefire.test.class.path" value="E:\workspaces\springboot\tensquare_parent\tensquare_search\target\test-classes;E:\workspaces\springboot\tensquare_parent\tensquare_search\target\classes;D:\apache-maven-3.3.9\repo\org\springframework\boot\spring-boot-starter-data-elasticsearch\2.1.3.RELEASE\spring-boot-starter-data-elasticsearch-2.1.3.RELEASE.jar;D:\apache-maven-3.3.9\repo\org\springframework\boot\spring-boot-starter\2.1.3.RELEASE\spring-boot-starter-2.1.3.RELEASE.jar;D:\apache-maven-3.3.9\repo\org\springframework\boot\spring-boot\2.1.3.RELEASE\spring-boot-2.1.3.RELEASE.jar;D:\apache-maven-3.3.9\repo\org\springframework\boot\spring-boot-autoconfigure\2.1.3.RELEASE\spring-boot-autoconfigure-2.1.3.RELEASE.jar;D:\apache-maven-3.3.9\repo\org\springframework\boot\spring-boot-starter-logging\2.1.3.RELEASE\spring-boot-starter-logging-2.1.3.RELEASE.jar;D:\apache-maven-3.3.9\repo\ch\qos\logback\logback-classic\1.2.3\logback-classic-1.2.3.jar;D:\apache-maven-3.3.9\repo\ch\qos\logback\logback-core\1.2.3\logback-core-1.2.3.jar;D:\apache-maven-3.3.9\repo\org\apache\logging\log4j\log4j-to-slf4j\2.11.2\log4j-to-slf4j-2.11.2.jar;D:\apache-maven-3.3.9\repo\org\apache\logging\log4j\log4j-api\2.11.2\log4j-api-2.11.2.jar;D:\apache-maven-3.3.9\repo\org\slf4j\jul-to-slf4j\1.7.25\jul-to-slf4j-1.7.25.jar;D:\apache-maven-3.3.9\repo\javax\annotation\javax.annotation-api\1.3.2\javax.annotation-api-1.3.2.jar;D:\apache-maven-3.3.9\repo\org\yaml\snakeyaml\1.23\snakeyaml-1.23.jar;D:\apache-maven-3.3.9\repo\org\springframework\data\spring-data-elasticsearch\3.1.5.RELEASE\spring-data-elasticsearch-3.1.5.RELEASE.jar;D:\apache-maven-3.3.9\repo\org\springframework\spring-context\5.1.5.RELEASE\spring-context-5.1.5.RELEASE.jar;D:\apache-maven-3.3.9\repo\org\springframework\spring-tx\5.1.5.RELEASE\spring-tx-5.1.5.RELEASE.jar;D:\apache-maven-3.3.9\repo\org\springframework\data\spring-data-commons\2.1.5.RELEASE\spring-data-commons-2.1.5.RELEASE.jar;D:\apache-maven-3.3.9\repo\joda-time\joda-time\2.10.1\joda-time-2.10.1.jar;D:\apache-maven-3.3.9\repo\org\elasticsearch\client\transport\6.4.3\transport-6.4.3.jar;D:\apache-maven-3.3.9\repo\org\elasticsearch\elasticsearch\6.4.3\elasticsearch-6.4.3.jar;D:\apache-maven-3.3.9\repo\org\elasticsearch\elasticsearch-core\6.4.3\elasticsearch-core-6.4.3.jar;D:\apache-maven-3.3.9\repo\org\elasticsearch\elasticsearch-secure-sm\6.4.3\elasticsearch-secure-sm-6.4.3.jar;D:\apache-maven-3.3.9\repo\org\elasticsearch\elasticsearch-x-content\6.4.3\elasticsearch-x-content-6.4.3.jar;D:\apache-maven-3.3.9\repo\com\fasterxml\jackson\dataformat\jackson-dataformat-smile\2.9.8\jackson-dataformat-smile-2.9.8.jar;D:\apache-maven-3.3.9\repo\com\fasterxml\jackson\dataformat\jackson-dataformat-yaml\2.9.8\jackson-dataformat-yaml-2.9.8.jar;D:\apache-maven-3.3.9\repo\com\fasterxml\jackson\dataformat\jackson-dataformat-cbor\2.9.8\jackson-dataformat-cbor-2.9.8.jar;D:\apache-maven-3.3.9\repo\org\apache\lucene\lucene-core\7.4.0\lucene-core-7.4.0.jar;D:\apache-maven-3.3.9\repo\org\apache\lucene\lucene-analyzers-common\7.4.0\lucene-analyzers-common-7.4.0.jar;D:\apache-maven-3.3.9\repo\org\apache\lucene\lucene-backward-codecs\7.4.0\lucene-backward-codecs-7.4.0.jar;D:\apache-maven-3.3.9\repo\org\apache\lucene\lucene-grouping\7.4.0\lucene-grouping-7.4.0.jar;D:\apache-maven-3.3.9\repo\org\apache\lucene\lucene-highlighter\7.4.0\lucene-highlighter-7.4.0.jar;D:\apache-maven-3.3.9\repo\org\apache\lucene\lucene-join\7.4.0\lucene-join-7.4.0.jar;D:\apache-maven-3.3.9\repo\org\apache\lucene\lucene-memory\7.4.0\lucene-memory-7.4.0.jar;D:\apache-maven-3.3.9\repo\org\apache\lucene\lucene-misc\7.4.0\lucene-misc-7.4.0.jar;D:\apache-maven-3.3.9\repo\org\apache\lucene\lucene-queries\7.4.0\lucene-queries-7.4.0.jar;D:\apache-maven-3.3.9\repo\org\apache\lucene\lucene-queryparser\7.4.0\lucene-queryparser-7.4.0.jar;D:\apache-maven-3.3.9\repo\org\apache\lucene\lucene-sandbox\7.4.0\lucene-sandbox-7.4.0.jar;D:\apache-maven-3.3.9\repo\org\apache\lucene\lucene-spatial\7.4.0\lucene-spatial-7.4.0.jar;D:\apache-maven-3.3.9\repo\org\apache\lucene\lucene-spatial-extras\7.4.0\lucene-spatial-extras-7.4.0.jar;D:\apache-maven-3.3.9\repo\org\apache\lucene\lucene-spatial3d\7.4.0\lucene-spatial3d-7.4.0.jar;D:\apache-maven-3.3.9\repo\org\apache\lucene\lucene-suggest\7.4.0\lucene-suggest-7.4.0.jar;D:\apache-maven-3.3.9\repo\org\elasticsearch\elasticsearch-cli\6.4.3\elasticsearch-cli-6.4.3.jar;D:\apache-maven-3.3.9\repo\net\sf\jopt-simple\jopt-simple\5.0.2\jopt-simple-5.0.2.jar;D:\apache-maven-3.3.9\repo\com\carrotsearch\hppc\0.7.1\hppc-0.7.1.jar;D:\apache-maven-3.3.9\repo\com\tdunning\t-digest\3.2\t-digest-3.2.jar;D:\apache-maven-3.3.9\repo\org\hdrhistogram\HdrHistogram\2.1.9\HdrHistogram-2.1.9.jar;D:\apache-maven-3.3.9\repo\org\elasticsearch\jna\4.5.1\jna-4.5.1.jar;D:\apache-maven-3.3.9\repo\org\elasticsearch\plugin\reindex-client\6.4.3\reindex-client-6.4.3.jar;D:\apache-maven-3.3.9\repo\org\elasticsearch\client\elasticsearch-rest-client\6.4.3\elasticsearch-rest-client-6.4.3.jar;D:\apache-maven-3.3.9\repo\org\apache\httpcomponents\httpclient\4.5.7\httpclient-4.5.7.jar;D:\apache-maven-3.3.9\repo\org\apache\httpcomponents\httpcore\4.4.11\httpcore-4.4.11.jar;D:\apache-maven-3.3.9\repo\org\apache\httpcomponents\httpasyncclient\4.1.4\httpasyncclient-4.1.4.jar;D:\apache-maven-3.3.9\repo\org\apache\httpcomponents\httpcore-nio\4.4.11\httpcore-nio-4.4.11.jar;D:\apache-maven-3.3.9\repo\commons-codec\commons-codec\1.11\commons-codec-1.11.jar;D:\apache-maven-3.3.9\repo\org\elasticsearch\plugin\lang-mustache-client\6.4.3\lang-mustache-client-6.4.3.jar;D:\apache-maven-3.3.9\repo\com\github\spullara\mustache\java\compiler\0.9.3\compiler-0.9.3.jar;D:\apache-maven-3.3.9\repo\org\elasticsearch\plugin\percolator-client\6.4.3\percolator-client-6.4.3.jar;D:\apache-maven-3.3.9\repo\org\elasticsearch\plugin\parent-join-client\6.4.3\parent-join-client-6.4.3.jar;D:\apache-maven-3.3.9\repo\org\elasticsearch\plugin\rank-eval-client\6.4.3\rank-eval-client-6.4.3.jar;D:\apache-maven-3.3.9\repo\com\fasterxml\jackson\core\jackson-core\2.9.8\jackson-core-2.9.8.jar;D:\apache-maven-3.3.9\repo\org\elasticsearch\plugin\transport-netty4-client\6.4.3\transport-netty4-client-6.4.3.jar;D:\apache-maven-3.3.9\repo\io\netty\netty-buffer\4.1.33.Final\netty-buffer-4.1.33.Final.jar;D:\apache-maven-3.3.9\repo\io\netty\netty-codec\4.1.33.Final\netty-codec-4.1.33.Final.jar;D:\apache-maven-3.3.9\repo\io\netty\netty-codec-http\4.1.33.Final\netty-codec-http-4.1.33.Final.jar;D:\apache-maven-3.3.9\repo\io\netty\netty-common\4.1.33.Final\netty-common-4.1.33.Final.jar;D:\apache-maven-3.3.9\repo\io\netty\netty-handler\4.1.33.Final\netty-handler-4.1.33.Final.jar;D:\apache-maven-3.3.9\repo\io\netty\netty-resolver\4.1.33.Final\netty-resolver-4.1.33.Final.jar;D:\apache-maven-3.3.9\repo\io\netty\netty-transport\4.1.33.Final\netty-transport-4.1.33.Final.jar;D:\apache-maven-3.3.9\repo\org\slf4j\slf4j-api\1.7.25\slf4j-api-1.7.25.jar;E:\workspaces\springboot\tensquare_parent\tensquare_common\target\tensquare_common-0.0.1-SNAPSHOT.jar;D:\apache-maven-3.3.9\repo\org\springframework\boot\spring-boot-starter-web\2.1.3.RELEASE\spring-boot-starter-web-2.1.3.RELEASE.jar;D:\apache-maven-3.3.9\repo\org\springframework\boot\spring-boot-starter-json\2.1.3.RELEASE\spring-boot-starter-json-2.1.3.RELEASE.jar;D:\apache-maven-3.3.9\repo\com\fasterxml\jackson\datatype\jackson-datatype-jdk8\2.9.8\jackson-datatype-jdk8-2.9.8.jar;D:\apache-maven-3.3.9\repo\com\fasterxml\jackson\datatype\jackson-datatype-jsr310\2.9.8\jackson-datatype-jsr310-2.9.8.jar;D:\apache-maven-3.3.9\repo\com\fasterxml\jackson\module\jackson-module-parameter-names\2.9.8\jackson-module-parameter-names-2.9.8.jar;D:\apache-maven-3.3.9\repo\org\springframework\boot\spring-boot-starter-tomcat\2.1.3.RELEASE\spring-boot-starter-tomcat-2.1.3.RELEASE.jar;D:\apache-maven-3.3.9\repo\org\apache\tomcat\embed\tomcat-embed-core\9.0.16\tomcat-embed-core-9.0.16.jar;D:\apache-maven-3.3.9\repo\org\apache\tomcat\embed\tomcat-embed-el\9.0.16\tomcat-embed-el-9.0.16.jar;D:\apache-maven-3.3.9\repo\org\apache\tomcat\embed\tomcat-embed-websocket\9.0.16\tomcat-embed-websocket-9.0.16.jar;D:\apache-maven-3.3.9\repo\org\hibernate\validator\hibernate-validator\6.0.14.Final\hibernate-validator-6.0.14.Final.jar;D:\apache-maven-3.3.9\repo\javax\validation\validation-api\2.0.1.Final\validation-api-2.0.1.Final.jar;D:\apache-maven-3.3.9\repo\org\jboss\logging\jboss-logging\3.3.2.Final\jboss-logging-3.3.2.Final.jar;D:\apache-maven-3.3.9\repo\com\fasterxml\classmate\1.4.0\classmate-1.4.0.jar;D:\apache-maven-3.3.9\repo\org\springframework\spring-web\5.1.5.RELEASE\spring-web-5.1.5.RELEASE.jar;D:\apache-maven-3.3.9\repo\org\springframework\spring-beans\5.1.5.RELEASE\spring-beans-5.1.5.RELEASE.jar;D:\apache-maven-3.3.9\repo\org\springframework\spring-webmvc\5.1.5.RELEASE\spring-webmvc-5.1.5.RELEASE.jar;D:\apache-maven-3.3.9\repo\org\springframework\spring-aop\5.1.5.RELEASE\spring-aop-5.1.5.RELEASE.jar;D:\apache-maven-3.3.9\repo\org\springframework\spring-expression\5.1.5.RELEASE\spring-expression-5.1.5.RELEASE.jar;D:\apache-maven-3.3.9\repo\org\springframework\boot\spring-boot-starter-test\2.1.3.RELEASE\spring-boot-starter-test-2.1.3.RELEASE.jar;D:\apache-maven-3.3.9\repo\org\springframework\boot\spring-boot-test\2.1.3.RELEASE\spring-boot-test-2.1.3.RELEASE.jar;D:\apache-maven-3.3.9\repo\org\springframework\boot\spring-boot-test-autoconfigure\2.1.3.RELEASE\spring-boot-test-autoconfigure-2.1.3.RELEASE.jar;D:\apache-maven-3.3.9\repo\com\jayway\jsonpath\json-path\2.4.0\json-path-2.4.0.jar;D:\apache-maven-3.3.9\repo\net\minidev\json-smart\2.3\json-smart-2.3.jar;D:\apache-maven-3.3.9\repo\net\minidev\accessors-smart\1.2\accessors-smart-1.2.jar;D:\apache-maven-3.3.9\repo\org\ow2\asm\asm\5.0.4\asm-5.0.4.jar;D:\apache-maven-3.3.9\repo\junit\junit\4.12\junit-4.12.jar;D:\apache-maven-3.3.9\repo\org\assertj\assertj-core\3.11.1\assertj-core-3.11.1.jar;D:\apache-maven-3.3.9\repo\org\mockito\mockito-core\2.23.4\mockito-core-2.23.4.jar;D:\apache-maven-3.3.9\repo\net\bytebuddy\byte-buddy\1.9.10\byte-buddy-1.9.10.jar;D:\apache-maven-3.3.9\repo\net\bytebuddy\byte-buddy-agent\1.9.10\byte-buddy-agent-1.9.10.jar;D:\apache-maven-3.3.9\repo\org\objenesis\objenesis\2.6\objenesis-2.6.jar;D:\apache-maven-3.3.9\repo\org\hamcrest\hamcrest-core\1.3\hamcrest-core-1.3.jar;D:\apache-maven-3.3.9\repo\org\hamcrest\hamcrest-library\1.3\hamcrest-library-1.3.jar;D:\apache-maven-3.3.9\repo\org\skyscreamer\jsonassert\1.5.0\jsonassert-1.5.0.jar;D:\apache-maven-3.3.9\repo\com\vaadin\external\google\android-json\0.0.20131108.vaadin1\android-json-0.0.20131108.vaadin1.jar;D:\apache-maven-3.3.9\repo\org\springframework\spring-core\5.1.5.RELEASE\spring-core-5.1.5.RELEASE.jar;D:\apache-maven-3.3.9\repo\org\springframework\spring-jcl\5.1.5.RELEASE\spring-jcl-5.1.5.RELEASE.jar;D:\apache-maven-3.3.9\repo\org\springframework\spring-test\5.1.5.RELEASE\spring-test-5.1.5.RELEASE.jar;D:\apache-maven-3.3.9\repo\org\xmlunit\xmlunit-core\2.6.2\xmlunit-core-2.6.2.jar;D:\apache-maven-3.3.9\repo\io\jsonwebtoken\jjwt\0.9.1\jjwt-0.9.1.jar;D:\apache-maven-3.3.9\repo\com\fasterxml\jackson\core\jackson-databind\2.9.8\jackson-databind-2.9.8.jar;D:\apache-maven-3.3.9\repo\com\fasterxml\jackson\core\jackson-annotations\2.9.0\jackson-annotations-2.9.0.jar;"/>
    <property name="sun.cpu.endian" value="little"/>
    <property name="user.home" value="C:\Users\Administrator"/>
    <property name="user.language" value="zh"/>
    <property name="java.specification.vendor" value="Oracle Corporation"/>
    <property name="java.home" value="D:\Program Files\Java\jdk1.8.0_66\jre"/>
    <property name="basedir" value="E:\workspaces\springboot\tensquare_parent\tensquare_search"/>
    <property name="file.separator" value="\"/>
    <property name="line.separator" value="&#10;"/>
    <property name="java.vm.specification.vendor" value="Oracle Corporation"/>
    <property name="java.specification.name" value="Java Platform API Specification"/>
    <property name="java.awt.graphicsenv" value="sun.awt.Win32GraphicsEnvironment"/>
    <property name="surefire.real.class.path" value="C:\Users\ADMINI~1\AppData\Local\Temp\surefire1496972543055433941\surefirebooter3014668292568640088.jar"/>
    <property name="sun.boot.class.path" value="D:\Program Files\Java\jdk1.8.0_66\jre\lib\resources.jar;D:\Program Files\Java\jdk1.8.0_66\jre\lib\rt.jar;D:\Program Files\Java\jdk1.8.0_66\jre\lib\sunrsasign.jar;D:\Program Files\Java\jdk1.8.0_66\jre\lib\jsse.jar;D:\Program Files\Java\jdk1.8.0_66\jre\lib\jce.jar;D:\Program Files\Java\jdk1.8.0_66\jre\lib\charsets.jar;D:\Program Files\Java\jdk1.8.0_66\jre\lib\jfr.jar;D:\Program Files\Java\jdk1.8.0_66\jre\classes"/>
    <property name="user.script" value=""/>
    <property name="sun.management.compiler" value="HotSpot 64-Bit Tiered Compilers"/>
    <property name="java.runtime.version" value="1.8.0_66-b17"/>
    <property name="user.name" value="Administrator"/>
    <property name="path.separator" value=";"/>
    <property name="os.version" value="10.0"/>
    <property name="java.endorsed.dirs" value="D:\Program Files\Java\jdk1.8.0_66\jre\lib\endorsed"/>
    <property name="java.runtime.name" value="Java(TM) SE Runtime Environment"/>
    <property name="file.encoding" value="GBK"/>
    <property name="java.vm.name" value="Java HotSpot(TM) 64-Bit Server VM"/>
    <property name="localRepository" value="D:\apache-maven-3.3.9\repo"/>
    <property name="java.vendor.url.bug" value="http://bugreport.sun.com/bugreport/"/>
    <property name="java.io.tmpdir" value="C:\Users\ADMINI~1\AppData\Local\Temp\"/>
    <property name="java.version" value="1.8.0_66"/>
    <property name="user.dir" value="E:\workspaces\springboot\tensquare_parent\tensquare_search"/>
    <property name="os.arch" value="amd64"/>
    <property name="java.vm.specification.name" value="Java Virtual Machine Specification"/>
    <property name="java.awt.printerjob" value="sun.awt.windows.WPrinterJob"/>
    <property name="sun.os.patch.level" value=""/>
    <property name="java.library.path" value="D:\Program Files\Java\jdk1.8.0_66\jre\bin;C:\Windows\Sun\Java\bin;C:\Windows\system32;C:\Windows;D:\Program Files\Java\jdk1.8.0_66\bin;D:\Program File\MongoDB\Server\3.2\bin;D:\Program File\Redis;D:\Program Files\Git\cmd;D:\Program Files\Google\Chrome\Application;D:\Program Files\apache-tomcat-8.0.37\bin;D:\Program File\python;D:\Program File\python\Scripts\;C:\ProgramData\Oracle\Java\javapath;D:\Program Files\groovy-2.4.7\bin;D:\Program Files\gradle-3.2.1\bin;D:\apache-maven-3.3.9\bin;D:\oraclexe\app\oracle\product\10.2.0\server\BIN;C:\Windows\system32;C:\Windows;C:\Windows\System32\Wbem;C:\Windows\System32\WindowsPowerShell\v1.0\;D:\Program File\node-v10.14.2-win-x64\;D:\Program Files\gaiden-1.1\bin;D:\Program File\mysql-5.7.13-winx64\bin;D:\Program File\apache-cxf-2.5.9\bin;."/>
    <property name="java.vm.info" value="mixed mode"/>
    <property name="java.vendor" value="Oracle Corporation"/>
    <property name="java.vm.version" value="25.66-b17"/>
    <property name="java.ext.dirs" value="D:\Program Files\Java\jdk1.8.0_66\jre\lib\ext;C:\Windows\Sun\Java\lib\ext"/>
    <property name="sun.io.unicode.encoding" value="UnicodeLittle"/>
    <property name="java.class.version" value="52.0"/>
  </properties>
  <testcase name="contextLoads" classname="com.tensquare.TensquareSearchApplicationTests" time="0.395"/>
</testsuite>