<?xml version="1.0" encoding="UTF-8"?>
<testsuite xmlns:xsi="http://www.w3.org/2001/XMLSchema-instance" xsi:noNamespaceSchemaLocation="https://maven.apache.org/surefire/maven-surefire-plugin/xsd/surefire-test-report.xsd" name="com.tensquare.TensquareFriendApplicationTests" time="25.331" tests="1" errors="0" skipped="0" failures="0">
  <properties>
    <property name="sun.desktop" value="windows"/>
    <property name="awt.toolkit" value="sun.awt.windows.WToolkit"/>
    <property name="file.encoding.pkg" value="sun.io"/>
    <property name="java.specification.version" value="1.8"/>
    <property name="sun.cpu.isalist" value="amd64"/>
    <property name="sun.jnu.encoding" value="GBK"/>
    <property name="java.class.path" value="E:\workspaces\springboot\tensquare_parent\tensquare_friend\target\test-classes;E:\workspaces\springboot\tensquare_parent\tensquare_friend\target\classes;D:\apache-maven-3.3.9\repo\org\springframework\boot\spring-boot-starter-data-jpa\2.1.3.RELEASE\spring-boot-starter-data-jpa-2.1.3.RELEASE.jar;D:\apache-maven-3.3.9\repo\org\springframework\boot\spring-boot-starter-aop\2.1.3.RELEASE\spring-boot-starter-aop-2.1.3.RELEASE.jar;D:\apache-maven-3.3.9\repo\org\springframework\spring-aop\5.1.5.RELEASE\spring-aop-5.1.5.RELEASE.jar;D:\apache-maven-3.3.9\repo\org\aspectj\aspectjweaver\1.9.2\aspectjweaver-1.9.2.jar;D:\apache-maven-3.3.9\repo\org\springframework\boot\spring-boot-starter-jdbc\2.1.3.RELEASE\spring-boot-starter-jdbc-2.1.3.RELEASE.jar;D:\apache-maven-3.3.9\repo\com\zaxxer\HikariCP\3.2.0\HikariCP-3.2.0.jar;D:\apache-maven-3.3.9\repo\org\springframework\spring-jdbc\5.1.5.RELEASE\spring-jdbc-5.1.5.RELEASE.jar;D:\apache-maven-3.3.9\repo\javax\transaction\javax.transaction-api\1.3\javax.transaction-api-1.3.jar;D:\apache-maven-3.3.9\repo\javax\xml\bind\jaxb-api\2.3.1\jaxb-api-2.3.1.jar;D:\apache-maven-3.3.9\repo\javax\activation\javax.activation-api\1.2.0\javax.activation-api-1.2.0.jar;D:\apache-maven-3.3.9\repo\org\hibernate\hibernate-core\5.3.7.Final\hibernate-core-5.3.7.Final.jar;D:\apache-maven-3.3.9\repo\org\jboss\logging\jboss-logging\3.3.2.Final\jboss-logging-3.3.2.Final.jar;D:\apache-maven-3.3.9\repo\javax\persistence\javax.persistence-api\2.2\javax.persistence-api-2.2.jar;D:\apache-maven-3.3.9\repo\org\javassist\javassist\3.23.1-GA\javassist-3.23.1-GA.jar;D:\apache-maven-3.3.9\repo\net\bytebuddy\byte-buddy\1.9.10\byte-buddy-1.9.10.jar;D:\apache-maven-3.3.9\repo\antlr\antlr\2.7.7\antlr-2.7.7.jar;D:\apache-maven-3.3.9\repo\org\jboss\jandex\2.0.5.Final\jandex-2.0.5.Final.jar;D:\apache-maven-3.3.9\repo\com\fasterxml\classmate\1.4.0\classmate-1.4.0.jar;D:\apache-maven-3.3.9\repo\org\dom4j\dom4j\2.1.1\dom4j-2.1.1.jar;D:\apache-maven-3.3.9\repo\org\hibernate\common\hibernate-commons-annotations\5.0.4.Final\hibernate-commons-annotations-5.0.4.Final.jar;D:\apache-maven-3.3.9\repo\org\springframework\data\spring-data-jpa\2.1.5.RELEASE\spring-data-jpa-2.1.5.RELEASE.jar;D:\apache-maven-3.3.9\repo\org\springframework\data\spring-data-commons\2.1.5.RELEASE\spring-data-commons-2.1.5.RELEASE.jar;D:\apache-maven-3.3.9\repo\org\springframework\spring-orm\5.1.5.RELEASE\spring-orm-5.1.5.RELEASE.jar;D:\apache-maven-3.3.9\repo\org\springframework\spring-context\5.1.5.RELEASE\spring-context-5.1.5.RELEASE.jar;D:\apache-maven-3.3.9\repo\org\springframework\spring-tx\5.1.5.RELEASE\spring-tx-5.1.5.RELEASE.jar;D:\apache-maven-3.3.9\repo\org\springframework\spring-beans\5.1.5.RELEASE\spring-beans-5.1.5.RELEASE.jar;D:\apache-maven-3.3.9\repo\org\slf4j\slf4j-api\1.7.25\slf4j-api-1.7.25.jar;D:\apache-maven-3.3.9\repo\org\springframework\spring-aspects\5.1.5.RELEASE\spring-aspects-5.1.5.RELEASE.jar;D:\apache-maven-3.3.9\repo\org\springframework\cloud\spring-cloud-starter-netflix-eureka-client\2.1.0.RELEASE\spring-cloud-starter-netflix-eureka-client-2.1.0.RELEASE.jar;D:\apache-maven-3.3.9\repo\org\springframework\cloud\spring-cloud-starter\2.1.0.RELEASE\spring-cloud-starter-2.1.0.RELEASE.jar;D:\apache-maven-3.3.9\repo\org\springframework\cloud\spring-cloud-context\2.1.0.RELEASE\spring-cloud-context-2.1.0.RELEASE.jar;D:\apache-maven-3.3.9\repo\org\springframework\security\spring-security-rsa\1.0.7.RELEASE\spring-security-rsa-1.0.7.RELEASE.jar;D:\apache-maven-3.3.9\repo\org\bouncycastle\bcpkix-jdk15on\1.60\bcpkix-jdk15on-1.60.jar;D:\apache-maven-3.3.9\repo\org\bouncycastle\bcprov-jdk15on\1.60\bcprov-jdk15on-1.60.jar;D:\apache-maven-3.3.9\repo\org\springframework\cloud\spring-cloud-netflix-hystrix\2.1.0.RELEASE\spring-cloud-netflix-hystrix-2.1.0.RELEASE.jar;D:\apache-maven-3.3.9\repo\org\springframework\boot\spring-boot-autoconfigure\2.1.3.RELEASE\spring-boot-autoconfigure-2.1.3.RELEASE.jar;D:\apache-maven-3.3.9\repo\org\springframework\cloud\spring-cloud-netflix-eureka-client\2.1.0.RELEASE\spring-cloud-netflix-eureka-client-2.1.0.RELEASE.jar;D:\apache-maven-3.3.9\repo\com\netflix\eureka\eureka-client\1.9.8\eureka-client-1.9.8.jar;D:\apache-maven-3.3.9\repo\org\codehaus\jettison\jettison\1.3.7\jettison-1.3.7.jar;D:\apache-maven-3.3.9\repo\stax\stax-api\1.0.1\stax-api-1.0.1.jar;D:\apache-maven-3.3.9\repo\com\netflix\netflix-commons\netflix-eventbus\0.3.0\netflix-eventbus-0.3.0.jar;D:\apache-maven-3.3.9\repo\com\netflix\netflix-commons\netflix-infix\0.3.0\netflix-infix-0.3.0.jar;D:\apache-maven-3.3.9\repo\commons-jxpath\commons-jxpath\1.3\commons-jxpath-1.3.jar;D:\apache-maven-3.3.9\repo\joda-time\joda-time\2.10.1\joda-time-2.10.1.jar;D:\apache-maven-3.3.9\repo\org\antlr\antlr-runtime\3.4\antlr-runtime-3.4.jar;D:\apache-maven-3.3.9\repo\org\antlr\stringtemplate\3.2.1\stringtemplate-3.2.1.jar;D:\apache-maven-3.3.9\repo\com\google\code\gson\gson\2.8.5\gson-2.8.5.jar;D:\apache-maven-3.3.9\repo\org\apache\commons\commons-math\2.2\commons-math-2.2.jar;D:\apache-maven-3.3.9\repo\com\netflix\archaius\archaius-core\0.7.6\archaius-core-0.7.6.jar;D:\apache-maven-3.3.9\repo\com\google\guava\guava\16.0\guava-16.0.jar;D:\apache-maven-3.3.9\repo\javax\ws\rs\jsr311-api\1.1.1\jsr311-api-1.1.1.jar;D:\apache-maven-3.3.9\repo\com\netflix\servo\servo-core\0.12.21\servo-core-0.12.21.jar;D:\apache-maven-3.3.9\repo\com\sun\jersey\jersey-core\1.19.1\jersey-core-1.19.1.jar;D:\apache-maven-3.3.9\repo\com\sun\jersey\jersey-client\1.19.1\jersey-client-1.19.1.jar;D:\apache-maven-3.3.9\repo\com\sun\jersey\contribs\jersey-apache-client4\1.19.1\jersey-apache-client4-1.19.1.jar;D:\apache-maven-3.3.9\repo\org\apache\httpcomponents\httpclient\4.5.7\httpclient-4.5.7.jar;D:\apache-maven-3.3.9\repo\org\apache\httpcomponents\httpcore\4.4.11\httpcore-4.4.11.jar;D:\apache-maven-3.3.9\repo\commons-codec\commons-codec\1.11\commons-codec-1.11.jar;D:\apache-maven-3.3.9\repo\com\google\inject\guice\4.1.0\guice-4.1.0.jar;D:\apache-maven-3.3.9\repo\javax\inject\javax.inject\1\javax.inject-1.jar;D:\apache-maven-3.3.9\repo\aopalliance\aopalliance\1.0\aopalliance-1.0.jar;D:\apache-maven-3.3.9\repo\com\github\vlsi\compactmap\compactmap\1.2.1\compactmap-1.2.1.jar;D:\apache-maven-3.3.9\repo\com\github\andrewoma\dexx\dexx-collections\0.2\dexx-collections-0.2.jar;D:\apache-maven-3.3.9\repo\com\fasterxml\jackson\core\jackson-annotations\2.9.0\jackson-annotations-2.9.0.jar;D:\apache-maven-3.3.9\repo\com\fasterxml\jackson\core\jackson-core\2.9.8\jackson-core-2.9.8.jar;D:\apache-maven-3.3.9\repo\com\netflix\eureka\eureka-core\1.9.8\eureka-core-1.9.8.jar;D:\apache-maven-3.3.9\repo\org\codehaus\woodstox\woodstox-core-asl\4.4.1\woodstox-core-asl-4.4.1.jar;D:\apache-maven-3.3.9\repo\javax\xml\stream\stax-api\1.0-2\stax-api-1.0-2.jar;D:\apache-maven-3.3.9\repo\org\codehaus\woodstox\stax2-api\3.1.4\stax2-api-3.1.4.jar;D:\apache-maven-3.3.9\repo\org\springframework\cloud\spring-cloud-starter-netflix-archaius\2.1.0.RELEASE\spring-cloud-starter-netflix-archaius-2.1.0.RELEASE.jar;D:\apache-maven-3.3.9\repo\org\springframework\cloud\spring-cloud-netflix-ribbon\2.1.0.RELEASE\spring-cloud-netflix-ribbon-2.1.0.RELEASE.jar;D:\apache-maven-3.3.9\repo\org\springframework\cloud\spring-cloud-netflix-archaius\2.1.0.RELEASE\spring-cloud-netflix-archaius-2.1.0.RELEASE.jar;D:\apache-maven-3.3.9\repo\commons-configuration\commons-configuration\1.8\commons-configuration-1.8.jar;D:\apache-maven-3.3.9\repo\commons-lang\commons-lang\2.6\commons-lang-2.6.jar;D:\apache-maven-3.3.9\repo\org\springframework\cloud\spring-cloud-starter-netflix-ribbon\2.1.0.RELEASE\spring-cloud-starter-netflix-ribbon-2.1.0.RELEASE.jar;D:\apache-maven-3.3.9\repo\com\netflix\ribbon\ribbon\2.3.0\ribbon-2.3.0.jar;D:\apache-maven-3.3.9\repo\com\netflix\ribbon\ribbon-transport\2.3.0\ribbon-transport-2.3.0.jar;D:\apache-maven-3.3.9\repo\io\reactivex\rxnetty-contexts\0.4.9\rxnetty-contexts-0.4.9.jar;D:\apache-maven-3.3.9\repo\io\reactivex\rxnetty-servo\0.4.9\rxnetty-servo-0.4.9.jar;D:\apache-maven-3.3.9\repo\io\reactivex\rxnetty\0.4.9\rxnetty-0.4.9.jar;D:\apache-maven-3.3.9\repo\com\netflix\ribbon\ribbon-core\2.3.0\ribbon-core-2.3.0.jar;D:\apache-maven-3.3.9\repo\com\netflix\ribbon\ribbon-httpclient\2.3.0\ribbon-httpclient-2.3.0.jar;D:\apache-maven-3.3.9\repo\commons-collections\commons-collections\3.2.2\commons-collections-3.2.2.jar;D:\apache-maven-3.3.9\repo\com\netflix\netflix-commons\netflix-commons-util\0.3.0\netflix-commons-util-0.3.0.jar;D:\apache-maven-3.3.9\repo\com\netflix\ribbon\ribbon-loadbalancer\2.3.0\ribbon-loadbalancer-2.3.0.jar;D:\apache-maven-3.3.9\repo\com\netflix\netflix-commons\netflix-statistics\0.1.1\netflix-statistics-0.1.1.jar;D:\apache-maven-3.3.9\repo\io\reactivex\rxjava\1.3.8\rxjava-1.3.8.jar;D:\apache-maven-3.3.9\repo\com\netflix\ribbon\ribbon-eureka\2.3.0\ribbon-eureka-2.3.0.jar;D:\apache-maven-3.3.9\repo\com\thoughtworks\xstream\xstream\1.4.10\xstream-1.4.10.jar;D:\apache-maven-3.3.9\repo\xmlpull\xmlpull\1.1.3.1\xmlpull-1.1.3.1.jar;D:\apache-maven-3.3.9\repo\xpp3\xpp3_min\1.1.4c\xpp3_min-1.1.4c.jar;D:\apache-maven-3.3.9\repo\org\springframework\cloud\spring-cloud-starter-openfeign\2.1.0.RELEASE\spring-cloud-starter-openfeign-2.1.0.RELEASE.jar;D:\apache-maven-3.3.9\repo\org\springframework\cloud\spring-cloud-openfeign-core\2.1.0.RELEASE\spring-cloud-openfeign-core-2.1.0.RELEASE.jar;D:\apache-maven-3.3.9\repo\io\github\openfeign\form\feign-form-spring\3.5.0\feign-form-spring-3.5.0.jar;D:\apache-maven-3.3.9\repo\io\github\openfeign\form\feign-form\3.5.0\feign-form-3.5.0.jar;D:\apache-maven-3.3.9\repo\commons-fileupload\commons-fileupload\1.3.3\commons-fileupload-1.3.3.jar;D:\apache-maven-3.3.9\repo\commons-io\commons-io\2.2\commons-io-2.2.jar;D:\apache-maven-3.3.9\repo\org\springframework\spring-web\5.1.5.RELEASE\spring-web-5.1.5.RELEASE.jar;D:\apache-maven-3.3.9\repo\org\springframework\cloud\spring-cloud-commons\2.1.0.RELEASE\spring-cloud-commons-2.1.0.RELEASE.jar;D:\apache-maven-3.3.9\repo\org\springframework\security\spring-security-crypto\5.1.4.RELEASE\spring-security-crypto-5.1.4.RELEASE.jar;D:\apache-maven-3.3.9\repo\io\github\openfeign\feign-core\10.1.0\feign-core-10.1.0.jar;D:\apache-maven-3.3.9\repo\io\github\openfeign\feign-slf4j\10.1.0\feign-slf4j-10.1.0.jar;D:\apache-maven-3.3.9\repo\io\github\openfeign\feign-hystrix\10.1.0\feign-hystrix-10.1.0.jar;D:\apache-maven-3.3.9\repo\com\netflix\hystrix\hystrix-core\1.5.18\hystrix-core-1.5.18.jar;D:\apache-maven-3.3.9\repo\org\hdrhistogram\HdrHistogram\2.1.9\HdrHistogram-2.1.9.jar;D:\apache-maven-3.3.9\repo\mysql\mysql-connector-java\8.0.15\mysql-connector-java-8.0.15.jar;E:\workspaces\springboot\tensquare_parent\tensquare_common\target\tensquare_common-0.0.1-SNAPSHOT.jar;D:\apache-maven-3.3.9\repo\org\springframework\boot\spring-boot-starter-web\2.1.3.RELEASE\spring-boot-starter-web-2.1.3.RELEASE.jar;D:\apache-maven-3.3.9\repo\org\springframework\boot\spring-boot-starter\2.1.3.RELEASE\spring-boot-starter-2.1.3.RELEASE.jar;D:\apache-maven-3.3.9\repo\org\springframework\boot\spring-boot\2.1.3.RELEASE\spring-boot-2.1.3.RELEASE.jar;D:\apache-maven-3.3.9\repo\org\springframework\boot\spring-boot-starter-logging\2.1.3.RELEASE\spring-boot-starter-logging-2.1.3.RELEASE.jar;D:\apache-maven-3.3.9\repo\ch\qos\logback\logback-classic\1.2.3\logback-classic-1.2.3.jar;D:\apache-maven-3.3.9\repo\ch\qos\logback\logback-core\1.2.3\logback-core-1.2.3.jar;D:\apache-maven-3.3.9\repo\org\apache\logging\log4j\log4j-to-slf4j\2.11.2\log4j-to-slf4j-2.11.2.jar;D:\apache-maven-3.3.9\repo\org\apache\logging\log4j\log4j-api\2.11.2\log4j-api-2.11.2.jar;D:\apache-maven-3.3.9\repo\org\slf4j\jul-to-slf4j\1.7.25\jul-to-slf4j-1.7.25.jar;D:\apache-maven-3.3.9\repo\javax\annotation\javax.annotation-api\1.3.2\javax.annotation-api-1.3.2.jar;D:\apache-maven-3.3.9\repo\org\yaml\snakeyaml\1.23\snakeyaml-1.23.jar;D:\apache-maven-3.3.9\repo\org\springframework\boot\spring-boot-starter-json\2.1.3.RELEASE\spring-boot-starter-json-2.1.3.RELEASE.jar;D:\apache-maven-3.3.9\repo\com\fasterxml\jackson\datatype\jackson-datatype-jdk8\2.9.8\jackson-datatype-jdk8-2.9.8.jar;D:\apache-maven-3.3.9\repo\com\fasterxml\jackson\datatype\jackson-datatype-jsr310\2.9.8\jackson-datatype-jsr310-2.9.8.jar;D:\apache-maven-3.3.9\repo\com\fasterxml\jackson\module\jackson-module-parameter-names\2.9.8\jackson-module-parameter-names-2.9.8.jar;D:\apache-maven-3.3.9\repo\org\springframework\boot\spring-boot-starter-tomcat\2.1.3.RELEASE\spring-boot-starter-tomcat-2.1.3.RELEASE.jar;D:\apache-maven-3.3.9\repo\org\apache\tomcat\embed\tomcat-embed-core\9.0.16\tomcat-embed-core-9.0.16.jar;D:\apache-maven-3.3.9\repo\org\apache\tomcat\embed\tomcat-embed-el\9.0.16\tomcat-embed-el-9.0.16.jar;D:\apache-maven-3.3.9\repo\org\apache\tomcat\embed\tomcat-embed-websocket\9.0.16\tomcat-embed-websocket-9.0.16.jar;D:\apache-maven-3.3.9\repo\org\hibernate\validator\hibernate-validator\6.0.14.Final\hibernate-validator-6.0.14.Final.jar;D:\apache-maven-3.3.9\repo\javax\validation\validation-api\2.0.1.Final\validation-api-2.0.1.Final.jar;D:\apache-maven-3.3.9\repo\org\springframework\spring-webmvc\5.1.5.RELEASE\spring-webmvc-5.1.5.RELEASE.jar;D:\apache-maven-3.3.9\repo\org\springframework\spring-expression\5.1.5.RELEASE\spring-expression-5.1.5.RELEASE.jar;D:\apache-maven-3.3.9\repo\org\springframework\boot\spring-boot-starter-test\2.1.3.RELEASE\spring-boot-starter-test-2.1.3.RELEASE.jar;D:\apache-maven-3.3.9\repo\org\springframework\boot\spring-boot-test\2.1.3.RELEASE\spring-boot-test-2.1.3.RELEASE.jar;D:\apache-maven-3.3.9\repo\org\springframework\boot\spring-boot-test-autoconfigure\2.1.3.RELEASE\spring-boot-test-autoconfigure-2.1.3.RELEASE.jar;D:\apache-maven-3.3.9\repo\com\jayway\jsonpath\json-path\2.4.0\json-path-2.4.0.jar;D:\apache-maven-3.3.9\repo\net\minidev\json-smart\2.3\json-smart-2.3.jar;D:\apache-maven-3.3.9\repo\net\minidev\accessors-smart\1.2\accessors-smart-1.2.jar;D:\apache-maven-3.3.9\repo\org\ow2\asm\asm\5.0.4\asm-5.0.4.jar;D:\apache-maven-3.3.9\repo\junit\junit\4.12\junit-4.12.jar;D:\apache-maven-3.3.9\repo\org\assertj\assertj-core\3.11.1\assertj-core-3.11.1.jar;D:\apache-maven-3.3.9\repo\org\mockito\mockito-core\2.23.4\mockito-core-2.23.4.jar;D:\apache-maven-3.3.9\repo\net\bytebuddy\byte-buddy-agent\1.9.10\byte-buddy-agent-1.9.10.jar;D:\apache-maven-3.3.9\repo\org\objenesis\objenesis\2.6\objenesis-2.6.jar;D:\apache-maven-3.3.9\repo\org\hamcrest\hamcrest-core\1.3\hamcrest-core-1.3.jar;D:\apache-maven-3.3.9\repo\org\hamcrest\hamcrest-library\1.3\hamcrest-library-1.3.jar;D:\apache-maven-3.3.9\repo\org\skyscreamer\jsonassert\1.5.0\jsonassert-1.5.0.jar;D:\apache-maven-3.3.9\repo\com\vaadin\external\google\android-json\0.0.20131108.vaadin1\android-json-0.0.20131108.vaadin1.jar;D:\apache-maven-3.3.9\repo\org\springframework\spring-core\5.1.5.RELEASE\spring-core-5.1.5.RELEASE.jar;D:\apache-maven-3.3.9\repo\org\springframework\spring-jcl\5.1.5.RELEASE\spring-jcl-5.1.5.RELEASE.jar;D:\apache-maven-3.3.9\repo\org\springframework\spring-test\5.1.5.RELEASE\spring-test-5.1.5.RELEASE.jar;D:\apache-maven-3.3.9\repo\org\xmlunit\xmlunit-core\2.6.2\xmlunit-core-2.6.2.jar;D:\apache-maven-3.3.9\repo\io\jsonwebtoken\jjwt\0.9.1\jjwt-0.9.1.jar;D:\apache-maven-3.3.9\repo\com\fasterxml\jackson\core\jackson-databind\2.9.8\jackson-databind-2.9.8.jar;"/>
    <property name="java.vm.vendor" value="Oracle Corporation"/>
    <property name="sun.arch.data.model" value="64"/>
    <property name="user.variant" value=""/>
    <property name="java.vendor.url" value="http://java.oracle.com/"/>
    <property name="user.timezone" value="Asia/Shanghai"/>
    <property name="java.vm.specification.version" value="1.8"/>
    <property name="os.name" value="Windows 10"/>
    <property name="user.country" value="CN"/>
    <property name="sun.java.launcher" value="SUN_STANDARD"/>
    <property name="sun.boot.library.path" value="D:\Program Files\Java\jdk1.8.0_66\jre\bin"/>
    <property name="sun.java.command" value="C:\Users\ADMINI~1\AppData\Local\Temp\surefire3673460385303434279\surefirebooter3107951105454123214.jar C:\Users\Administrator\AppData\Local\Temp\surefire3673460385303434279 2019-05-10T22-53-06_857-jvmRun1 surefire4119891735540066425tmp surefire_93016561088536501788tmp"/>
    <property name="surefire.test.class.path" value="E:\workspaces\springboot\tensquare_parent\tensquare_friend\target\test-classes;E:\workspaces\springboot\tensquare_parent\tensquare_friend\target\classes;D:\apache-maven-3.3.9\repo\org\springframework\boot\spring-boot-starter-data-jpa\2.1.3.RELEASE\spring-boot-starter-data-jpa-2.1.3.RELEASE.jar;D:\apache-maven-3.3.9\repo\org\springframework\boot\spring-boot-starter-aop\2.1.3.RELEASE\spring-boot-starter-aop-2.1.3.RELEASE.jar;D:\apache-maven-3.3.9\repo\org\springframework\spring-aop\5.1.5.RELEASE\spring-aop-5.1.5.RELEASE.jar;D:\apache-maven-3.3.9\repo\org\aspectj\aspectjweaver\1.9.2\aspectjweaver-1.9.2.jar;D:\apache-maven-3.3.9\repo\org\springframework\boot\spring-boot-starter-jdbc\2.1.3.RELEASE\spring-boot-starter-jdbc-2.1.3.RELEASE.jar;D:\apache-maven-3.3.9\repo\com\zaxxer\HikariCP\3.2.0\HikariCP-3.2.0.jar;D:\apache-maven-3.3.9\repo\org\springframework\spring-jdbc\5.1.5.RELEASE\spring-jdbc-5.1.5.RELEASE.jar;D:\apache-maven-3.3.9\repo\javax\transaction\javax.transaction-api\1.3\javax.transaction-api-1.3.jar;D:\apache-maven-3.3.9\repo\javax\xml\bind\jaxb-api\2.3.1\jaxb-api-2.3.1.jar;D:\apache-maven-3.3.9\repo\javax\activation\javax.activation-api\1.2.0\javax.activation-api-1.2.0.jar;D:\apache-maven-3.3.9\repo\org\hibernate\hibernate-core\5.3.7.Final\hibernate-core-5.3.7.Final.jar;D:\apache-maven-3.3.9\repo\org\jboss\logging\jboss-logging\3.3.2.Final\jboss-logging-3.3.2.Final.jar;D:\apache-maven-3.3.9\repo\javax\persistence\javax.persistence-api\2.2\javax.persistence-api-2.2.jar;D:\apache-maven-3.3.9\repo\org\javassist\javassist\3.23.1-GA\javassist-3.23.1-GA.jar;D:\apache-maven-3.3.9\repo\net\bytebuddy\byte-buddy\1.9.10\byte-buddy-1.9.10.jar;D:\apache-maven-3.3.9\repo\antlr\antlr\2.7.7\antlr-2.7.7.jar;D:\apache-maven-3.3.9\repo\org\jboss\jandex\2.0.5.Final\jandex-2.0.5.Final.jar;D:\apache-maven-3.3.9\repo\com\fasterxml\classmate\1.4.0\classmate-1.4.0.jar;D:\apache-maven-3.3.9\repo\org\dom4j\dom4j\2.1.1\dom4j-2.1.1.jar;D:\apache-maven-3.3.9\repo\org\hibernate\common\hibernate-commons-annotations\5.0.4.Final\hibernate-commons-annotations-5.0.4.Final.jar;D:\apache-maven-3.3.9\repo\org\springframework\data\spring-data-jpa\2.1.5.RELEASE\spring-data-jpa-2.1.5.RELEASE.jar;D:\apache-maven-3.3.9\repo\org\springframework\data\spring-data-commons\2.1.5.RELEASE\spring-data-commons-2.1.5.RELEASE.jar;D:\apache-maven-3.3.9\repo\org\springframework\spring-orm\5.1.5.RELEASE\spring-orm-5.1.5.RELEASE.jar;D:\apache-maven-3.3.9\repo\org\springframework\spring-context\5.1.5.RELEASE\spring-context-5.1.5.RELEASE.jar;D:\apache-maven-3.3.9\repo\org\springframework\spring-tx\5.1.5.RELEASE\spring-tx-5.1.5.RELEASE.jar;D:\apache-maven-3.3.9\repo\org\springframework\spring-beans\5.1.5.RELEASE\spring-beans-5.1.5.RELEASE.jar;D:\apache-maven-3.3.9\repo\org\slf4j\slf4j-api\1.7.25\slf4j-api-1.7.25.jar;D:\apache-maven-3.3.9\repo\org\springframework\spring-aspects\5.1.5.RELEASE\spring-aspects-5.1.5.RELEASE.jar;D:\apache-maven-3.3.9\repo\org\springframework\cloud\spring-cloud-starter-netflix-eureka-client\2.1.0.RELEASE\spring-cloud-starter-netflix-eureka-client-2.1.0.RELEASE.jar;D:\apache-maven-3.3.9\repo\org\springframework\cloud\spring-cloud-starter\2.1.0.RELEASE\spring-cloud-starter-2.1.0.RELEASE.jar;D:\apache-maven-3.3.9\repo\org\springframework\cloud\spring-cloud-context\2.1.0.RELEASE\spring-cloud-context-2.1.0.RELEASE.jar;D:\apache-maven-3.3.9\repo\org\springframework\security\spring-security-rsa\1.0.7.RELEASE\spring-security-rsa-1.0.7.RELEASE.jar;D:\apache-maven-3.3.9\repo\org\bouncycastle\bcpkix-jdk15on\1.60\bcpkix-jdk15on-1.60.jar;D:\apache-maven-3.3.9\repo\org\bouncycastle\bcprov-jdk15on\1.60\bcprov-jdk15on-1.60.jar;D:\apache-maven-3.3.9\repo\org\springframework\cloud\spring-cloud-netflix-hystrix\2.1.0.RELEASE\spring-cloud-netflix-hystrix-2.1.0.RELEASE.jar;D:\apache-maven-3.3.9\repo\org\springframework\boot\spring-boot-autoconfigure\2.1.3.RELEASE\spring-boot-autoconfigure-2.1.3.RELEASE.jar;D:\apache-maven-3.3.9\repo\org\springframework\cloud\spring-cloud-netflix-eureka-client\2.1.0.RELEASE\spring-cloud-netflix-eureka-client-2.1.0.RELEASE.jar;D:\apache-maven-3.3.9\repo\com\netflix\eureka\eureka-client\1.9.8\eureka-client-1.9.8.jar;D:\apache-maven-3.3.9\repo\org\codehaus\jettison\jettison\1.3.7\jettison-1.3.7.jar;D:\apache-maven-3.3.9\repo\stax\stax-api\1.0.1\stax-api-1.0.1.jar;D:\apache-maven-3.3.9\repo\com\netflix\netflix-commons\netflix-eventbus\0.3.0\netflix-eventbus-0.3.0.jar;D:\apache-maven-3.3.9\repo\com\netflix\netflix-commons\netflix-infix\0.3.0\netflix-infix-0.3.0.jar;D:\apache-maven-3.3.9\repo\commons-jxpath\commons-jxpath\1.3\commons-jxpath-1.3.jar;D:\apache-maven-3.3.9\repo\joda-time\joda-time\2.10.1\joda-time-2.10.1.jar;D:\apache-maven-3.3.9\repo\org\antlr\antlr-runtime\3.4\antlr-runtime-3.4.jar;D:\apache-maven-3.3.9\repo\org\antlr\stringtemplate\3.2.1\stringtemplate-3.2.1.jar;D:\apache-maven-3.3.9\repo\com\google\code\gson\gson\2.8.5\gson-2.8.5.jar;D:\apache-maven-3.3.9\repo\org\apache\commons\commons-math\2.2\commons-math-2.2.jar;D:\apache-maven-3.3.9\repo\com\netflix\archaius\archaius-core\0.7.6\archaius-core-0.7.6.jar;D:\apache-maven-3.3.9\repo\com\google\guava\guava\16.0\guava-16.0.jar;D:\apache-maven-3.3.9\repo\javax\ws\rs\jsr311-api\1.1.1\jsr311-api-1.1.1.jar;D:\apache-maven-3.3.9\repo\com\netflix\servo\servo-core\0.12.21\servo-core-0.12.21.jar;D:\apache-maven-3.3.9\repo\com\sun\jersey\jersey-core\1.19.1\jersey-core-1.19.1.jar;D:\apache-maven-3.3.9\repo\com\sun\jersey\jersey-client\1.19.1\jersey-client-1.19.1.jar;D:\apache-maven-3.3.9\repo\com\sun\jersey\contribs\jersey-apache-client4\1.19.1\jersey-apache-client4-1.19.1.jar;D:\apache-maven-3.3.9\repo\org\apache\httpcomponents\httpclient\4.5.7\httpclient-4.5.7.jar;D:\apache-maven-3.3.9\repo\org\apache\httpcomponents\httpcore\4.4.11\httpcore-4.4.11.jar;D:\apache-maven-3.3.9\repo\commons-codec\commons-codec\1.11\commons-codec-1.11.jar;D:\apache-maven-3.3.9\repo\com\google\inject\guice\4.1.0\guice-4.1.0.jar;D:\apache-maven-3.3.9\repo\javax\inject\javax.inject\1\javax.inject-1.jar;D:\apache-maven-3.3.9\repo\aopalliance\aopalliance\1.0\aopalliance-1.0.jar;D:\apache-maven-3.3.9\repo\com\github\vlsi\compactmap\compactmap\1.2.1\compactmap-1.2.1.jar;D:\apache-maven-3.3.9\repo\com\github\andrewoma\dexx\dexx-collections\0.2\dexx-collections-0.2.jar;D:\apache-maven-3.3.9\repo\com\fasterxml\jackson\core\jackson-annotations\2.9.0\jackson-annotations-2.9.0.jar;D:\apache-maven-3.3.9\repo\com\fasterxml\jackson\core\jackson-core\2.9.8\jackson-core-2.9.8.jar;D:\apache-maven-3.3.9\repo\com\netflix\eureka\eureka-core\1.9.8\eureka-core-1.9.8.jar;D:\apache-maven-3.3.9\repo\org\codehaus\woodstox\woodstox-core-asl\4.4.1\woodstox-core-asl-4.4.1.jar;D:\apache-maven-3.3.9\repo\javax\xml\stream\stax-api\1.0-2\stax-api-1.0-2.jar;D:\apache-maven-3.3.9\repo\org\codehaus\woodstox\stax2-api\3.1.4\stax2-api-3.1.4.jar;D:\apache-maven-3.3.9\repo\org\springframework\cloud\spring-cloud-starter-netflix-archaius\2.1.0.RELEASE\spring-cloud-starter-netflix-archaius-2.1.0.RELEASE.jar;D:\apache-maven-3.3.9\repo\org\springframework\cloud\spring-cloud-netflix-ribbon\2.1.0.RELEASE\spring-cloud-netflix-ribbon-2.1.0.RELEASE.jar;D:\apache-maven-3.3.9\repo\org\springframework\cloud\spring-cloud-netflix-archaius\2.1.0.RELEASE\spring-cloud-netflix-archaius-2.1.0.RELEASE.jar;D:\apache-maven-3.3.9\repo\commons-configuration\commons-configuration\1.8\commons-configuration-1.8.jar;D:\apache-maven-3.3.9\repo\commons-lang\commons-lang\2.6\commons-lang-2.6.jar;D:\apache-maven-3.3.9\repo\org\springframework\cloud\spring-cloud-starter-netflix-ribbon\2.1.0.RELEASE\spring-cloud-starter-netflix-ribbon-2.1.0.RELEASE.jar;D:\apache-maven-3.3.9\repo\com\netflix\ribbon\ribbon\2.3.0\ribbon-2.3.0.jar;D:\apache-maven-3.3.9\repo\com\netflix\ribbon\ribbon-transport\2.3.0\ribbon-transport-2.3.0.jar;D:\apache-maven-3.3.9\repo\io\reactivex\rxnetty-contexts\0.4.9\rxnetty-contexts-0.4.9.jar;D:\apache-maven-3.3.9\repo\io\reactivex\rxnetty-servo\0.4.9\rxnetty-servo-0.4.9.jar;D:\apache-maven-3.3.9\repo\io\reactivex\rxnetty\0.4.9\rxnetty-0.4.9.jar;D:\apache-maven-3.3.9\repo\com\netflix\ribbon\ribbon-core\2.3.0\ribbon-core-2.3.0.jar;D:\apache-maven-3.3.9\repo\com\netflix\ribbon\ribbon-httpclient\2.3.0\ribbon-httpclient-2.3.0.jar;D:\apache-maven-3.3.9\repo\commons-collections\commons-collections\3.2.2\commons-collections-3.2.2.jar;D:\apache-maven-3.3.9\repo\com\netflix\netflix-commons\netflix-commons-util\0.3.0\netflix-commons-util-0.3.0.jar;D:\apache-maven-3.3.9\repo\com\netflix\ribbon\ribbon-loadbalancer\2.3.0\ribbon-loadbalancer-2.3.0.jar;D:\apache-maven-3.3.9\repo\com\netflix\netflix-commons\netflix-statistics\0.1.1\netflix-statistics-0.1.1.jar;D:\apache-maven-3.3.9\repo\io\reactivex\rxjava\1.3.8\rxjava-1.3.8.jar;D:\apache-maven-3.3.9\repo\com\netflix\ribbon\ribbon-eureka\2.3.0\ribbon-eureka-2.3.0.jar;D:\apache-maven-3.3.9\repo\com\thoughtworks\xstream\xstream\1.4.10\xstream-1.4.10.jar;D:\apache-maven-3.3.9\repo\xmlpull\xmlpull\1.1.3.1\xmlpull-1.1.3.1.jar;D:\apache-maven-3.3.9\repo\xpp3\xpp3_min\1.1.4c\xpp3_min-1.1.4c.jar;D:\apache-maven-3.3.9\repo\org\springframework\cloud\spring-cloud-starter-openfeign\2.1.0.RELEASE\spring-cloud-starter-openfeign-2.1.0.RELEASE.jar;D:\apache-maven-3.3.9\repo\org\springframework\cloud\spring-cloud-openfeign-core\2.1.0.RELEASE\spring-cloud-openfeign-core-2.1.0.RELEASE.jar;D:\apache-maven-3.3.9\repo\io\github\openfeign\form\feign-form-spring\3.5.0\feign-form-spring-3.5.0.jar;D:\apache-maven-3.3.9\repo\io\github\openfeign\form\feign-form\3.5.0\feign-form-3.5.0.jar;D:\apache-maven-3.3.9\repo\commons-fileupload\commons-fileupload\1.3.3\commons-fileupload-1.3.3.jar;D:\apache-maven-3.3.9\repo\commons-io\commons-io\2.2\commons-io-2.2.jar;D:\apache-maven-3.3.9\repo\org\springframework\spring-web\5.1.5.RELEASE\spring-web-5.1.5.RELEASE.jar;D:\apache-maven-3.3.9\repo\org\springframework\cloud\spring-cloud-commons\2.1.0.RELEASE\spring-cloud-commons-2.1.0.RELEASE.jar;D:\apache-maven-3.3.9\repo\org\springframework\security\spring-security-crypto\5.1.4.RELEASE\spring-security-crypto-5.1.4.RELEASE.jar;D:\apache-maven-3.3.9\repo\io\github\openfeign\feign-core\10.1.0\feign-core-10.1.0.jar;D:\apache-maven-3.3.9\repo\io\github\openfeign\feign-slf4j\10.1.0\feign-slf4j-10.1.0.jar;D:\apache-maven-3.3.9\repo\io\github\openfeign\feign-hystrix\10.1.0\feign-hystrix-10.1.0.jar;D:\apache-maven-3.3.9\repo\com\netflix\hystrix\hystrix-core\1.5.18\hystrix-core-1.5.18.jar;D:\apache-maven-3.3.9\repo\org\hdrhistogram\HdrHistogram\2.1.9\HdrHistogram-2.1.9.jar;D:\apache-maven-3.3.9\repo\mysql\mysql-connector-java\8.0.15\mysql-connector-java-8.0.15.jar;E:\workspaces\springboot\tensquare_parent\tensquare_common\target\tensquare_common-0.0.1-SNAPSHOT.jar;D:\apache-maven-3.3.9\repo\org\springframework\boot\spring-boot-starter-web\2.1.3.RELEASE\spring-boot-starter-web-2.1.3.RELEASE.jar;D:\apache-maven-3.3.9\repo\org\springframework\boot\spring-boot-starter\2.1.3.RELEASE\spring-boot-starter-2.1.3.RELEASE.jar;D:\apache-maven-3.3.9\repo\org\springframework\boot\spring-boot\2.1.3.RELEASE\spring-boot-2.1.3.RELEASE.jar;D:\apache-maven-3.3.9\repo\org\springframework\boot\spring-boot-starter-logging\2.1.3.RELEASE\spring-boot-starter-logging-2.1.3.RELEASE.jar;D:\apache-maven-3.3.9\repo\ch\qos\logback\logback-classic\1.2.3\logback-classic-1.2.3.jar;D:\apache-maven-3.3.9\repo\ch\qos\logback\logback-core\1.2.3\logback-core-1.2.3.jar;D:\apache-maven-3.3.9\repo\org\apache\logging\log4j\log4j-to-slf4j\2.11.2\log4j-to-slf4j-2.11.2.jar;D:\apache-maven-3.3.9\repo\org\apache\logging\log4j\log4j-api\2.11.2\log4j-api-2.11.2.jar;D:\apache-maven-3.3.9\repo\org\slf4j\jul-to-slf4j\1.7.25\jul-to-slf4j-1.7.25.jar;D:\apache-maven-3.3.9\repo\javax\annotation\javax.annotation-api\1.3.2\javax.annotation-api-1.3.2.jar;D:\apache-maven-3.3.9\repo\org\yaml\snakeyaml\1.23\snakeyaml-1.23.jar;D:\apache-maven-3.3.9\repo\org\springframework\boot\spring-boot-starter-json\2.1.3.RELEASE\spring-boot-starter-json-2.1.3.RELEASE.jar;D:\apache-maven-3.3.9\repo\com\fasterxml\jackson\datatype\jackson-datatype-jdk8\2.9.8\jackson-datatype-jdk8-2.9.8.jar;D:\apache-maven-3.3.9\repo\com\fasterxml\jackson\datatype\jackson-datatype-jsr310\2.9.8\jackson-datatype-jsr310-2.9.8.jar;D:\apache-maven-3.3.9\repo\com\fasterxml\jackson\module\jackson-module-parameter-names\2.9.8\jackson-module-parameter-names-2.9.8.jar;D:\apache-maven-3.3.9\repo\org\springframework\boot\spring-boot-starter-tomcat\2.1.3.RELEASE\spring-boot-starter-tomcat-2.1.3.RELEASE.jar;D:\apache-maven-3.3.9\repo\org\apache\tomcat\embed\tomcat-embed-core\9.0.16\tomcat-embed-core-9.0.16.jar;D:\apache-maven-3.3.9\repo\org\apache\tomcat\embed\tomcat-embed-el\9.0.16\tomcat-embed-el-9.0.16.jar;D:\apache-maven-3.3.9\repo\org\apache\tomcat\embed\tomcat-embed-websocket\9.0.16\tomcat-embed-websocket-9.0.16.jar;D:\apache-maven-3.3.9\repo\org\hibernate\validator\hibernate-validator\6.0.14.Final\hibernate-validator-6.0.14.Final.jar;D:\apache-maven-3.3.9\repo\javax\validation\validation-api\2.0.1.Final\validation-api-2.0.1.Final.jar;D:\apache-maven-3.3.9\repo\org\springframework\spring-webmvc\5.1.5.RELEASE\spring-webmvc-5.1.5.RELEASE.jar;D:\apache-maven-3.3.9\repo\org\springframework\spring-expression\5.1.5.RELEASE\spring-expression-5.1.5.RELEASE.jar;D:\apache-maven-3.3.9\repo\org\springframework\boot\spring-boot-starter-test\2.1.3.RELEASE\spring-boot-starter-test-2.1.3.RELEASE.jar;D:\apache-maven-3.3.9\repo\org\springframework\boot\spring-boot-test\2.1.3.RELEASE\spring-boot-test-2.1.3.RELEASE.jar;D:\apache-maven-3.3.9\repo\org\springframework\boot\spring-boot-test-autoconfigure\2.1.3.RELEASE\spring-boot-test-autoconfigure-2.1.3.RELEASE.jar;D:\apache-maven-3.3.9\repo\com\jayway\jsonpath\json-path\2.4.0\json-path-2.4.0.jar;D:\apache-maven-3.3.9\repo\net\minidev\json-smart\2.3\json-smart-2.3.jar;D:\apache-maven-3.3.9\repo\net\minidev\accessors-smart\1.2\accessors-smart-1.2.jar;D:\apache-maven-3.3.9\repo\org\ow2\asm\asm\5.0.4\asm-5.0.4.jar;D:\apache-maven-3.3.9\repo\junit\junit\4.12\junit-4.12.jar;D:\apache-maven-3.3.9\repo\org\assertj\assertj-core\3.11.1\assertj-core-3.11.1.jar;D:\apache-maven-3.3.9\repo\org\mockito\mockito-core\2.23.4\mockito-core-2.23.4.jar;D:\apache-maven-3.3.9\repo\net\bytebuddy\byte-buddy-agent\1.9.10\byte-buddy-agent-1.9.10.jar;D:\apache-maven-3.3.9\repo\org\objenesis\objenesis\2.6\objenesis-2.6.jar;D:\apache-maven-3.3.9\repo\org\hamcrest\hamcrest-core\1.3\hamcrest-core-1.3.jar;D:\apache-maven-3.3.9\repo\org\hamcrest\hamcrest-library\1.3\hamcrest-library-1.3.jar;D:\apache-maven-3.3.9\repo\org\skyscreamer\jsonassert\1.5.0\jsonassert-1.5.0.jar;D:\apache-maven-3.3.9\repo\com\vaadin\external\google\android-json\0.0.20131108.vaadin1\android-json-0.0.20131108.vaadin1.jar;D:\apache-maven-3.3.9\repo\org\springframework\spring-core\5.1.5.RELEASE\spring-core-5.1.5.RELEASE.jar;D:\apache-maven-3.3.9\repo\org\springframework\spring-jcl\5.1.5.RELEASE\spring-jcl-5.1.5.RELEASE.jar;D:\apache-maven-3.3.9\repo\org\springframework\spring-test\5.1.5.RELEASE\spring-test-5.1.5.RELEASE.jar;D:\apache-maven-3.3.9\repo\org\xmlunit\xmlunit-core\2.6.2\xmlunit-core-2.6.2.jar;D:\apache-maven-3.3.9\repo\io\jsonwebtoken\jjwt\0.9.1\jjwt-0.9.1.jar;D:\apache-maven-3.3.9\repo\com\fasterxml\jackson\core\jackson-databind\2.9.8\jackson-databind-2.9.8.jar;"/>
    <property name="sun.cpu.endian" value="little"/>
    <property name="user.home" value="C:\Users\Administrator"/>
    <property name="user.language" value="zh"/>
    <property name="java.specification.vendor" value="Oracle Corporation"/>
    <property name="java.home" value="D:\Program Files\Java\jdk1.8.0_66\jre"/>
    <property name="basedir" value="E:\workspaces\springboot\tensquare_parent\tensquare_friend"/>
    <property name="file.separator" value="\"/>
    <property name="line.separator" value="&#10;"/>
    <property name="java.vm.specification.vendor" value="Oracle Corporation"/>
    <property name="java.specification.name" value="Java Platform API Specification"/>
    <property name="java.awt.graphicsenv" value="sun.awt.Win32GraphicsEnvironment"/>
    <property name="surefire.real.class.path" value="C:\Users\ADMINI~1\AppData\Local\Temp\surefire3673460385303434279\surefirebooter3107951105454123214.jar"/>
    <property name="sun.boot.class.path" value="D:\Program Files\Java\jdk1.8.0_66\jre\lib\resources.jar;D:\Program Files\Java\jdk1.8.0_66\jre\lib\rt.jar;D:\Program Files\Java\jdk1.8.0_66\jre\lib\sunrsasign.jar;D:\Program Files\Java\jdk1.8.0_66\jre\lib\jsse.jar;D:\Program Files\Java\jdk1.8.0_66\jre\lib\jce.jar;D:\Program Files\Java\jdk1.8.0_66\jre\lib\charsets.jar;D:\Program Files\Java\jdk1.8.0_66\jre\lib\jfr.jar;D:\Program Files\Java\jdk1.8.0_66\jre\classes"/>
    <property name="user.script" value=""/>
    <property name="sun.management.compiler" value="HotSpot 64-Bit Tiered Compilers"/>
    <property name="java.runtime.version" value="1.8.0_66-b17"/>
    <property name="user.name" value="Administrator"/>
    <property name="path.separator" value=";"/>
    <property name="os.version" value="10.0"/>
    <property name="java.endorsed.dirs" value="D:\Program Files\Java\jdk1.8.0_66\jre\lib\endorsed"/>
    <property name="java.runtime.name" value="Java(TM) SE Runtime Environment"/>
    <property name="file.encoding" value="GBK"/>
    <property name="java.vm.name" value="Java HotSpot(TM) 64-Bit Server VM"/>
    <property name="localRepository" value="D:\apache-maven-3.3.9\repo"/>
    <property name="java.vendor.url.bug" value="http://bugreport.sun.com/bugreport/"/>
    <property name="java.io.tmpdir" value="C:\Users\ADMINI~1\AppData\Local\Temp\"/>
    <property name="java.version" value="1.8.0_66"/>
    <property name="user.dir" value="E:\workspaces\springboot\tensquare_parent\tensquare_friend"/>
    <property name="os.arch" value="amd64"/>
    <property name="java.vm.specification.name" value="Java Virtual Machine Specification"/>
    <property name="java.awt.printerjob" value="sun.awt.windows.WPrinterJob"/>
    <property name="sun.os.patch.level" value=""/>
    <property name="java.library.path" value="D:\Program Files\Java\jdk1.8.0_66\jre\bin;C:\Windows\Sun\Java\bin;C:\Windows\system32;C:\Windows;D:\Program Files\Java\jdk1.8.0_66\bin;D:\Program File\MongoDB\Server\3.2\bin;D:\Program File\Redis;D:\Program Files\Git\cmd;D:\Program Files\Google\Chrome\Application;D:\Program Files\apache-tomcat-8.0.37\bin;D:\Program File\python;D:\Program File\python\Scripts\;C:\ProgramData\Oracle\Java\javapath;D:\Program Files\groovy-2.4.7\bin;D:\Program Files\gradle-3.2.1\bin;D:\apache-maven-3.3.9\bin;D:\oraclexe\app\oracle\product\10.2.0\server\BIN;C:\Windows\system32;C:\Windows;C:\Windows\System32\Wbem;C:\Windows\System32\WindowsPowerShell\v1.0\;D:\Program File\node-v10.14.2-win-x64\;D:\Program Files\gaiden-1.1\bin;D:\Program File\mysql-5.7.13-winx64\bin;D:\Program File\apache-cxf-2.5.9\bin;."/>
    <property name="java.vm.info" value="mixed mode"/>
    <property name="java.vendor" value="Oracle Corporation"/>
    <property name="java.vm.version" value="25.66-b17"/>
    <property name="java.ext.dirs" value="D:\Program Files\Java\jdk1.8.0_66\jre\lib\ext;C:\Windows\Sun\Java\lib\ext"/>
    <property name="sun.io.unicode.encoding" value="UnicodeLittle"/>
    <property name="java.class.version" value="52.0"/>
  </properties>
  <testcase name="contextLoads" classname="com.tensquare.TensquareFriendApplicationTests" time="0.13"/>
</testsuite>